<?xml version="1.0" encoding="UTF-8"?>
<coverage generated="1748304441370" clover="3.2.0">
  <project timestamp="1748304441370" name="All files">
    <metrics statements="185" coveredstatements="146" conditionals="60" coveredconditionals="43" methods="15" coveredmethods="14" elements="260" coveredelements="203" complexity="0" loc="185" ncloc="185" packages="1" files="2" classes="2"/>
    <file name="cronUtils.ts" path="D:\GitHub\cronparser\cron-parser-ts\src\lib\cronUtils.ts">
      <metrics statements="176" coveredstatements="146" conditionals="59" coveredconditionals="43" methods="14" coveredmethods="14"/>
      <line num="20" count="1" type="cond" truecount="1" falsecount="0"/>
      <line num="21" count="2" type="stmt"/>
      <line num="22" count="2" type="cond" truecount="0" falsecount="1"/>
      <line num="23" count="2" type="stmt"/>
      <line num="24" count="2" type="stmt"/>
      <line num="25" count="2" type="stmt"/>
      <line num="26" count="2" type="stmt"/>
      <line num="38" count="1" type="cond" truecount="1" falsecount="0"/>
      <line num="39" count="5" type="cond" truecount="1" falsecount="0"/>
      <line num="40" count="1" type="stmt"/>
      <line num="41" count="1" type="stmt"/>
      <line num="42" count="1" type="stmt"/>
      <line num="43" count="1" type="stmt"/>
      <line num="44" count="1" type="stmt"/>
      <line num="45" count="1" type="stmt"/>
      <line num="46" count="1" type="cond" truecount="1" falsecount="0"/>
      <line num="48" count="4" type="stmt"/>
      <line num="49" count="4" type="stmt"/>
      <line num="50" count="4" type="stmt"/>
      <line num="51" count="4" type="stmt"/>
      <line num="52" count="4" type="stmt"/>
      <line num="53" count="4" type="stmt"/>
      <line num="54" count="4" type="cond" truecount="1" falsecount="0"/>
      <line num="55" count="1" type="cond" truecount="1" falsecount="0"/>
      <line num="56" count="3" type="stmt"/>
      <line num="57" count="5" type="stmt"/>
      <line num="68" count="1" type="cond" truecount="1" falsecount="0"/>
      <line num="69" count="32" type="cond" truecount="0" falsecount="1"/>
      <line num="70" count="0" type="stmt"/>
      <line num="71" count="0" type="stmt"/>
      <line num="72" count="32" type="cond" truecount="1" falsecount="0"/>
      <line num="73" count="56" type="cond" truecount="1" falsecount="0"/>
      <line num="74" count="4" type="stmt"/>
      <line num="75" count="4" type="stmt"/>
      <line num="76" count="56" type="cond" truecount="1" falsecount="0"/>
      <line num="77" count="28" type="stmt"/>
      <line num="78" count="28" type="stmt"/>
      <line num="86" count="1" type="cond" truecount="1" falsecount="0"/>
      <line num="87" count="16" type="stmt"/>
      <line num="88" count="16" type="stmt"/>
      <line num="89" count="16" type="stmt"/>
      <line num="90" count="16" type="stmt"/>
      <line num="91" count="16" type="stmt"/>
      <line num="92" count="16" type="cond" truecount="1" falsecount="0"/>
      <line num="93" count="14" type="stmt"/>
      <line num="94" count="14" type="stmt"/>
      <line num="95" count="16" type="stmt"/>
      <line num="104" count="1" type="cond" truecount="1" falsecount="0"/>
      <line num="106" count="16" type="cond" truecount="0" falsecount="1"/>
      <line num="107" count="16" type="cond" truecount="0" falsecount="1"/>
      <line num="108" count="16" type="cond" truecount="0" falsecount="1"/>
      <line num="109" count="0" type="stmt"/>
      <line num="110" count="0" type="stmt"/>
      <line num="111" count="16" type="cond" truecount="1" falsecount="0"/>
      <line num="112" count="106" type="cond" truecount="1" falsecount="0"/>
      <line num="113" count="16" type="cond" truecount="1" falsecount="0"/>
      <line num="114" count="2052" type="stmt"/>
      <line num="115" count="2052" type="stmt"/>
      <line num="116" count="16" type="stmt"/>
      <line num="128" count="1" type="cond" truecount="1" falsecount="0"/>
      <line num="129" count="16" type="cond" truecount="0" falsecount="1"/>
      <line num="130" count="0" type="stmt"/>
      <line num="131" count="0" type="stmt"/>
      <line num="132" count="16" type="stmt"/>
      <line num="133" count="16" type="stmt"/>
      <line num="134" count="16" type="stmt"/>
      <line num="135" count="16" type="stmt"/>
      <line num="136" count="16" type="stmt"/>
      <line num="137" count="16" type="stmt"/>
      <line num="138" count="16" type="cond" truecount="0" falsecount="1"/>
      <line num="140" count="0" type="stmt"/>
      <line num="141" count="0" type="stmt"/>
      <line num="142" count="16" type="stmt"/>
      <line num="143" count="16" type="stmt"/>
      <line num="150" count="1" type="cond" truecount="1" falsecount="0"/>
      <line num="151" count="8" type="stmt"/>
      <line num="152" count="8" type="stmt"/>
      <line num="153" count="8" type="stmt"/>
      <line num="154" count="8" type="stmt"/>
      <line num="155" count="8" type="stmt"/>
      <line num="156" count="8" type="cond" truecount="1" falsecount="0"/>
      <line num="157" count="8" type="stmt"/>
      <line num="164" count="1" type="cond" truecount="1" falsecount="0"/>
      <line num="165" count="8" type="stmt"/>
      <line num="166" count="8" type="stmt"/>
      <line num="167" count="8" type="stmt"/>
      <line num="168" count="8" type="stmt"/>
      <line num="169" count="8" type="stmt"/>
      <line num="170" count="8" type="stmt"/>
      <line num="180" count="1" type="cond" truecount="1" falsecount="0"/>
      <line num="181" count="40" type="cond" truecount="0" falsecount="1"/>
      <line num="182" count="0" type="stmt"/>
      <line num="183" count="0" type="stmt"/>
      <line num="184" count="40" type="cond" truecount="1" falsecount="0"/>
      <line num="185" count="40" type="stmt"/>
      <line num="195" count="1" type="cond" truecount="1" falsecount="0"/>
      <line num="196" count="41" type="cond" truecount="0" falsecount="1"/>
      <line num="197" count="0" type="stmt"/>
      <line num="198" count="0" type="stmt"/>
      <line num="199" count="0" type="stmt"/>
      <line num="200" count="0" type="stmt"/>
      <line num="201" count="0" type="stmt"/>
      <line num="202" count="0" type="stmt"/>
      <line num="203" count="0" type="stmt"/>
      <line num="204" count="0" type="stmt"/>
      <line num="205" count="41" type="stmt"/>
      <line num="206" count="41" type="stmt"/>
      <line num="216" count="1" type="cond" truecount="1" falsecount="0"/>
      <line num="217" count="41" type="cond" truecount="1" falsecount="0"/>
      <line num="218" count="15" type="cond" truecount="1" falsecount="0"/>
      <line num="219" count="15" type="cond" truecount="1" falsecount="0"/>
      <line num="220" count="41" type="cond" truecount="1" falsecount="0"/>
      <line num="221" count="25" type="stmt"/>
      <line num="222" count="25" type="cond" truecount="0" falsecount="1"/>
      <line num="223" count="0" type="stmt"/>
      <line num="224" count="0" type="stmt"/>
      <line num="225" count="25" type="stmt"/>
      <line num="226" count="25" type="cond" truecount="1" falsecount="0"/>
      <line num="228" count="1" type="stmt"/>
      <line num="229" count="1" type="stmt"/>
      <line num="230" count="1" type="cond" truecount="0" falsecount="1"/>
      <line num="231" count="0" type="stmt"/>
      <line num="232" count="41" type="cond" truecount="0" falsecount="3"/>
      <line num="233" count="0" type="stmt"/>
      <line num="234" count="0" type="stmt"/>
      <line num="235" count="0" type="stmt"/>
      <line num="236" count="0" type="stmt"/>
      <line num="241" count="1" type="stmt"/>
      <line num="247" count="1" type="stmt"/>
      <line num="257" count="1" type="cond" truecount="1" falsecount="0"/>
      <line num="258" count="7" type="stmt"/>
      <line num="259" count="7" type="stmt"/>
      <line num="260" count="7" type="stmt"/>
      <line num="261" count="7" type="stmt"/>
      <line num="262" count="7" type="stmt"/>
      <line num="263" count="7" type="stmt"/>
      <line num="264" count="7" type="stmt"/>
      <line num="270" count="1" type="cond" truecount="1" falsecount="0"/>
      <line num="271" count="1" type="stmt"/>
      <line num="272" count="1" type="stmt"/>
      <line num="278" count="1" type="cond" truecount="1" falsecount="0"/>
      <line num="279" count="9" type="cond" truecount="0" falsecount="1"/>
      <line num="280" count="0" type="stmt"/>
      <line num="281" count="0" type="stmt"/>
      <line num="282" count="0" type="stmt"/>
      <line num="284" count="9" type="stmt"/>
      <line num="285" count="9" type="stmt"/>
      <line num="286" count="9" type="stmt"/>
      <line num="287" count="9" type="stmt"/>
      <line num="288" count="9" type="stmt"/>
      <line num="289" count="9" type="stmt"/>
      <line num="290" count="9" type="stmt"/>
      <line num="291" count="1" type="stmt"/>
      <line num="300" count="1" type="cond" truecount="1" falsecount="0"/>
      <line num="301" count="11" type="cond" truecount="1" falsecount="0"/>
      <line num="302" count="1" type="stmt"/>
      <line num="303" count="1" type="cond" truecount="1" falsecount="0"/>
      <line num="304" count="10" type="stmt"/>
      <line num="305" count="11" type="cond" truecount="1" falsecount="0"/>
      <line num="306" count="2" type="stmt"/>
      <line num="307" count="2" type="cond" truecount="1" falsecount="0"/>
      <line num="308" count="8" type="stmt"/>
      <line num="309" count="8" type="stmt"/>
      <line num="310" count="8" type="stmt"/>
      <line num="311" count="8" type="stmt"/>
      <line num="312" count="8" type="stmt"/>
      <line num="313" count="11" type="cond" truecount="1" falsecount="0"/>
      <line num="315" count="5" type="stmt"/>
      <line num="316" count="5" type="stmt"/>
      <line num="317" count="5" type="stmt"/>
      <line num="318" count="5" type="cond" truecount="1" falsecount="0"/>
      <line num="320" count="11" type="cond" truecount="3" falsecount="1"/>
      <line num="321" count="0" type="stmt"/>
      <line num="322" count="0" type="cond" truecount="1" falsecount="0"/>
      <line num="323" count="7" type="stmt"/>
      <line num="324" count="7" type="stmt"/>
    </file>
    <file name="custom.ts" path="D:\GitHub\cronparser\cron-parser-ts\src\lib\custom.ts">
      <metrics statements="9" coveredstatements="0" conditionals="1" coveredconditionals="0" methods="1" coveredmethods="0"/>
      <line num="1" count="0" type="cond" truecount="0" falsecount="1"/>
      <line num="3" count="0" type="stmt"/>
      <line num="4" count="0" type="stmt"/>
      <line num="5" count="0" type="stmt"/>
      <line num="6" count="0" type="stmt"/>
      <line num="7" count="0" type="stmt"/>
      <line num="8" count="0" type="stmt"/>
      <line num="9" count="0" type="stmt"/>
      <line num="10" count="0" type="stmt"/>
    </file>
  </project>
</coverage>
