{"D:\\GitHub\\cronparser\\cron-parser-ts\\src\\lib\\cronUtils.ts": {"path":"D:\\GitHub\\cronparser\\cron-parser-ts\\src\\lib\\cronUtils.ts","all":false,"statementMap":{"19":{"start":{"line":20,"column":0},"end":{"line":20,"column":41}},"20":{"start":{"line":21,"column":0},"end":{"line":21,"column":50}},"21":{"start":{"line":22,"column":0},"end":{"line":22,"column":40}},"22":{"start":{"line":23,"column":0},"end":{"line":23,"column":59}},"23":{"start":{"line":24,"column":0},"end":{"line":24,"column":61}},"24":{"start":{"line":25,"column":0},"end":{"line":25,"column":40}},"25":{"start":{"line":26,"column":0},"end":{"line":26,"column":1}},"37":{"start":{"line":38,"column":0},"end":{"line":38,"column":97}},"38":{"start":{"line":39,"column":0},"end":{"line":39,"column":24}},"39":{"start":{"line":40,"column":0},"end":{"line":40,"column":43}},"40":{"start":{"line":41,"column":0},"end":{"line":41,"column":63}},"41":{"start":{"line":42,"column":0},"end":{"line":42,"column":56}},"42":{"start":{"line":43,"column":0},"end":{"line":43,"column":57}},"43":{"start":{"line":44,"column":0},"end":{"line":44,"column":59}},"44":{"start":{"line":45,"column":0},"end":{"line":45,"column":54}},"45":{"start":{"line":46,"column":0},"end":{"line":46,"column":5}},"47":{"start":{"line":48,"column":0},"end":{"line":48,"column":36}},"48":{"start":{"line":49,"column":0},"end":{"line":49,"column":56}},"49":{"start":{"line":50,"column":0},"end":{"line":50,"column":49}},"50":{"start":{"line":51,"column":0},"end":{"line":51,"column":50}},"51":{"start":{"line":52,"column":0},"end":{"line":52,"column":52}},"52":{"start":{"line":53,"column":0},"end":{"line":53,"column":61}},"53":{"start":{"line":54,"column":0},"end":{"line":54,"column":37}},"54":{"start":{"line":55,"column":0},"end":{"line":55,"column":53}},"55":{"start":{"line":56,"column":0},"end":{"line":56,"column":25}},"56":{"start":{"line":57,"column":0},"end":{"line":57,"column":1}},"67":{"start":{"line":68,"column":0},"end":{"line":68,"column":98}},"68":{"start":{"line":69,"column":0},"end":{"line":69,"column":33}},"69":{"start":{"line":70,"column":0},"end":{"line":70,"column":60}},"70":{"start":{"line":71,"column":0},"end":{"line":71,"column":5}},"71":{"start":{"line":72,"column":0},"end":{"line":72,"column":41}},"72":{"start":{"line":73,"column":0},"end":{"line":73,"column":35}},"73":{"start":{"line":74,"column":0},"end":{"line":74,"column":39}},"74":{"start":{"line":75,"column":0},"end":{"line":75,"column":9}},"75":{"start":{"line":76,"column":0},"end":{"line":76,"column":5}},"76":{"start":{"line":77,"column":0},"end":{"line":77,"column":51}},"77":{"start":{"line":78,"column":0},"end":{"line":78,"column":1}},"85":{"start":{"line":86,"column":0},"end":{"line":86,"column":75}},"86":{"start":{"line":87,"column":0},"end":{"line":87,"column":68}},"87":{"start":{"line":88,"column":0},"end":{"line":88,"column":24}},"88":{"start":{"line":89,"column":0},"end":{"line":89,"column":55}},"89":{"start":{"line":90,"column":0},"end":{"line":90,"column":5}},"90":{"start":{"line":91,"column":0},"end":{"line":91,"column":62}},"91":{"start":{"line":92,"column":0},"end":{"line":92,"column":22}},"92":{"start":{"line":93,"column":0},"end":{"line":93,"column":49}},"93":{"start":{"line":94,"column":0},"end":{"line":94,"column":5}},"94":{"start":{"line":95,"column":0},"end":{"line":95,"column":1}},"103":{"start":{"line":104,"column":0},"end":{"line":104,"column":88}},"105":{"start":{"line":106,"column":0},"end":{"line":106,"column":92}},"106":{"start":{"line":107,"column":0},"end":{"line":107,"column":102}},"107":{"start":{"line":108,"column":0},"end":{"line":108,"column":7}},"108":{"start":{"line":109,"column":0},"end":{"line":109,"column":101}},"109":{"start":{"line":110,"column":0},"end":{"line":110,"column":5}},"110":{"start":{"line":111,"column":0},"end":{"line":111,"column":43}},"111":{"start":{"line":112,"column":0},"end":{"line":112,"column":47}},"112":{"start":{"line":113,"column":0},"end":{"line":113,"column":39}},"113":{"start":{"line":114,"column":0},"end":{"line":114,"column":41}},"114":{"start":{"line":115,"column":0},"end":{"line":115,"column":5}},"115":{"start":{"line":116,"column":0},"end":{"line":116,"column":1}},"127":{"start":{"line":128,"column":0},"end":{"line":128,"column":151}},"128":{"start":{"line":129,"column":0},"end":{"line":129,"column":36}},"129":{"start":{"line":130,"column":0},"end":{"line":130,"column":15}},"130":{"start":{"line":131,"column":0},"end":{"line":131,"column":5}},"131":{"start":{"line":132,"column":0},"end":{"line":132,"column":40}},"132":{"start":{"line":133,"column":0},"end":{"line":133,"column":26}},"133":{"start":{"line":134,"column":0},"end":{"line":134,"column":43}},"134":{"start":{"line":135,"column":0},"end":{"line":135,"column":34}},"135":{"start":{"line":136,"column":0},"end":{"line":136,"column":9}},"136":{"start":{"line":137,"column":0},"end":{"line":137,"column":41}},"137":{"start":{"line":138,"column":0},"end":{"line":138,"column":13}},"139":{"start":{"line":140,"column":0},"end":{"line":140,"column":15}},"140":{"start":{"line":141,"column":0},"end":{"line":141,"column":5}},"141":{"start":{"line":142,"column":0},"end":{"line":142,"column":16}},"142":{"start":{"line":143,"column":0},"end":{"line":143,"column":1}},"149":{"start":{"line":150,"column":0},"end":{"line":150,"column":55}},"150":{"start":{"line":151,"column":0},"end":{"line":151,"column":49}},"151":{"start":{"line":152,"column":0},"end":{"line":152,"column":55}},"152":{"start":{"line":153,"column":0},"end":{"line":153,"column":55}},"153":{"start":{"line":154,"column":0},"end":{"line":154,"column":57}},"154":{"start":{"line":155,"column":0},"end":{"line":155,"column":6}},"155":{"start":{"line":156,"column":0},"end":{"line":156,"column":103}},"156":{"start":{"line":157,"column":0},"end":{"line":157,"column":1}},"163":{"start":{"line":164,"column":0},"end":{"line":164,"column":51}},"164":{"start":{"line":165,"column":0},"end":{"line":165,"column":47}},"165":{"start":{"line":166,"column":0},"end":{"line":166,"column":55}},"166":{"start":{"line":167,"column":0},"end":{"line":167,"column":42}},"167":{"start":{"line":168,"column":0},"end":{"line":168,"column":6}},"168":{"start":{"line":169,"column":0},"end":{"line":169,"column":79}},"169":{"start":{"line":170,"column":0},"end":{"line":170,"column":1}},"179":{"start":{"line":180,"column":0},"end":{"line":180,"column":94}},"180":{"start":{"line":181,"column":0},"end":{"line":181,"column":36}},"181":{"start":{"line":182,"column":0},"end":{"line":182,"column":61}},"182":{"start":{"line":183,"column":0},"end":{"line":183,"column":5}},"183":{"start":{"line":184,"column":0},"end":{"line":184,"column":106}},"184":{"start":{"line":185,"column":0},"end":{"line":185,"column":1}},"194":{"start":{"line":195,"column":0},"end":{"line":195,"column":92}},"195":{"start":{"line":196,"column":0},"end":{"line":196,"column":38}},"196":{"start":{"line":197,"column":0},"end":{"line":197,"column":58}},"197":{"start":{"line":198,"column":0},"end":{"line":198,"column":67}},"198":{"start":{"line":199,"column":0},"end":{"line":199,"column":47}},"199":{"start":{"line":200,"column":0},"end":{"line":200,"column":94}},"200":{"start":{"line":201,"column":0},"end":{"line":201,"column":9}},"201":{"start":{"line":202,"column":0},"end":{"line":202,"column":54}},"202":{"start":{"line":203,"column":0},"end":{"line":203,"column":55}},"203":{"start":{"line":204,"column":0},"end":{"line":204,"column":5}},"204":{"start":{"line":205,"column":0},"end":{"line":205,"column":49}},"205":{"start":{"line":206,"column":0},"end":{"line":206,"column":1}},"215":{"start":{"line":216,"column":0},"end":{"line":216,"column":94}},"216":{"start":{"line":217,"column":0},"end":{"line":217,"column":24}},"217":{"start":{"line":218,"column":0},"end":{"line":218,"column":72}},"218":{"start":{"line":219,"column":0},"end":{"line":219,"column":5}},"219":{"start":{"line":220,"column":0},"end":{"line":220,"column":39}},"220":{"start":{"line":221,"column":0},"end":{"line":221,"column":42}},"221":{"start":{"line":222,"column":0},"end":{"line":222,"column":57}},"222":{"start":{"line":223,"column":0},"end":{"line":223,"column":89}},"223":{"start":{"line":224,"column":0},"end":{"line":224,"column":9}},"224":{"start":{"line":225,"column":0},"end":{"line":225,"column":23}},"225":{"start":{"line":226,"column":0},"end":{"line":226,"column":5}},"227":{"start":{"line":228,"column":0},"end":{"line":228,"column":53}},"228":{"start":{"line":229,"column":0},"end":{"line":229,"column":80}},"229":{"start":{"line":230,"column":0},"end":{"line":230,"column":5}},"230":{"start":{"line":231,"column":0},"end":{"line":231,"column":47}},"231":{"start":{"line":232,"column":0},"end":{"line":232,"column":88}},"232":{"start":{"line":233,"column":0},"end":{"line":233,"column":80}},"233":{"start":{"line":234,"column":0},"end":{"line":234,"column":5}},"234":{"start":{"line":235,"column":0},"end":{"line":235,"column":83}},"235":{"start":{"line":236,"column":0},"end":{"line":236,"column":1}},"240":{"start":{"line":241,"column":0},"end":{"line":241,"column":51}},"246":{"start":{"line":247,"column":0},"end":{"line":247,"column":40}},"256":{"start":{"line":257,"column":0},"end":{"line":257,"column":115}},"257":{"start":{"line":258,"column":0},"end":{"line":258,"column":29}},"258":{"start":{"line":259,"column":0},"end":{"line":259,"column":25}},"259":{"start":{"line":260,"column":0},"end":{"line":260,"column":23}},"260":{"start":{"line":261,"column":0},"end":{"line":261,"column":27}},"261":{"start":{"line":262,"column":0},"end":{"line":262,"column":23}},"262":{"start":{"line":263,"column":0},"end":{"line":263,"column":109}},"263":{"start":{"line":264,"column":0},"end":{"line":264,"column":5}},"269":{"start":{"line":270,"column":0},"end":{"line":270,"column":47}},"270":{"start":{"line":271,"column":0},"end":{"line":271,"column":20}},"271":{"start":{"line":272,"column":0},"end":{"line":272,"column":5}},"277":{"start":{"line":278,"column":0},"end":{"line":278,"column":45}},"278":{"start":{"line":279,"column":0},"end":{"line":279,"column":53}},"279":{"start":{"line":280,"column":0},"end":{"line":280,"column":13}},"280":{"start":{"line":281,"column":0},"end":{"line":281,"column":26}},"281":{"start":{"line":282,"column":0},"end":{"line":282,"column":13}},"283":{"start":{"line":284,"column":0},"end":{"line":284,"column":13}},"284":{"start":{"line":285,"column":0},"end":{"line":285,"column":47}},"285":{"start":{"line":286,"column":0},"end":{"line":286,"column":27}},"286":{"start":{"line":287,"column":0},"end":{"line":287,"column":13}},"287":{"start":{"line":288,"column":0},"end":{"line":288,"column":113}},"288":{"start":{"line":289,"column":0},"end":{"line":289,"column":22}},"289":{"start":{"line":290,"column":0},"end":{"line":290,"column":5}},"290":{"start":{"line":291,"column":0},"end":{"line":291,"column":1}},"299":{"start":{"line":300,"column":0},"end":{"line":300,"column":109}},"300":{"start":{"line":301,"column":0},"end":{"line":301,"column":45}},"301":{"start":{"line":302,"column":0},"end":{"line":302,"column":64}},"302":{"start":{"line":303,"column":0},"end":{"line":303,"column":5}},"303":{"start":{"line":304,"column":0},"end":{"line":304,"column":54}},"304":{"start":{"line":305,"column":0},"end":{"line":305,"column":29}},"305":{"start":{"line":306,"column":0},"end":{"line":306,"column":65}},"306":{"start":{"line":307,"column":0},"end":{"line":307,"column":5}},"307":{"start":{"line":308,"column":0},"end":{"line":308,"column":59}},"308":{"start":{"line":309,"column":0},"end":{"line":309,"column":55}},"309":{"start":{"line":310,"column":0},"end":{"line":310,"column":61}},"310":{"start":{"line":311,"column":0},"end":{"line":311,"column":76}},"311":{"start":{"line":312,"column":0},"end":{"line":312,"column":75}},"312":{"start":{"line":313,"column":0},"end":{"line":313,"column":26}},"314":{"start":{"line":315,"column":0},"end":{"line":315,"column":38}},"315":{"start":{"line":316,"column":0},"end":{"line":316,"column":20}},"316":{"start":{"line":317,"column":0},"end":{"line":317,"column":39}},"317":{"start":{"line":318,"column":0},"end":{"line":318,"column":5}},"319":{"start":{"line":320,"column":0},"end":{"line":320,"column":115}},"320":{"start":{"line":321,"column":0},"end":{"line":321,"column":67}},"321":{"start":{"line":322,"column":0},"end":{"line":322,"column":5}},"322":{"start":{"line":323,"column":0},"end":{"line":323,"column":71}},"323":{"start":{"line":324,"column":0},"end":{"line":324,"column":1}}},"s":{"19":1,"20":2,"21":2,"22":2,"23":2,"24":2,"25":2,"37":1,"38":5,"39":1,"40":1,"41":1,"42":1,"43":1,"44":1,"45":1,"47":4,"48":4,"49":4,"50":4,"51":4,"52":4,"53":4,"54":1,"55":3,"56":5,"67":1,"68":32,"69":0,"70":0,"71":32,"72":56,"73":4,"74":4,"75":56,"76":28,"77":28,"85":1,"86":16,"87":16,"88":16,"89":16,"90":16,"91":16,"92":14,"93":14,"94":16,"103":1,"105":16,"106":16,"107":16,"108":0,"109":0,"110":16,"111":106,"112":16,"113":2052,"114":2052,"115":16,"127":1,"128":16,"129":0,"130":0,"131":16,"132":16,"133":16,"134":16,"135":16,"136":16,"137":16,"139":0,"140":0,"141":16,"142":16,"149":1,"150":8,"151":8,"152":8,"153":8,"154":8,"155":8,"156":8,"163":1,"164":8,"165":8,"166":8,"167":8,"168":8,"169":8,"179":1,"180":40,"181":0,"182":0,"183":40,"184":40,"194":1,"195":41,"196":0,"197":0,"198":0,"199":0,"200":0,"201":0,"202":0,"203":0,"204":41,"205":41,"215":1,"216":41,"217":15,"218":15,"219":41,"220":25,"221":25,"222":0,"223":0,"224":25,"225":25,"227":1,"228":1,"229":1,"230":0,"231":41,"232":0,"233":0,"234":0,"235":0,"240":1,"246":1,"256":1,"257":7,"258":7,"259":7,"260":7,"261":7,"262":7,"263":7,"269":1,"270":1,"271":1,"277":1,"278":9,"279":0,"280":0,"281":0,"283":9,"284":9,"285":9,"286":9,"287":9,"288":9,"289":9,"290":1,"299":1,"300":11,"301":1,"302":1,"303":10,"304":11,"305":2,"306":2,"307":8,"308":8,"309":8,"310":8,"311":8,"312":11,"314":5,"315":5,"316":5,"317":5,"319":11,"320":0,"321":0,"322":7,"323":7},"branchMap":{"0":{"type":"branch","line":20,"loc":{"start":{"line":20,"column":26},"end":{"line":26,"column":1}},"locations":[{"start":{"line":20,"column":26},"end":{"line":26,"column":1}}]},"1":{"type":"branch","line":22,"loc":{"start":{"line":22,"column":26},"end":{"line":22,"column":36}},"locations":[{"start":{"line":22,"column":26},"end":{"line":22,"column":36}}]},"2":{"type":"branch","line":38,"loc":{"start":{"line":38,"column":19},"end":{"line":57,"column":1}},"locations":[{"start":{"line":38,"column":19},"end":{"line":57,"column":1}}]},"3":{"type":"branch","line":39,"loc":{"start":{"line":39,"column":23},"end":{"line":46,"column":5}},"locations":[{"start":{"line":39,"column":23},"end":{"line":46,"column":5}}]},"4":{"type":"branch","line":46,"loc":{"start":{"line":46,"column":4},"end":{"line":54,"column":37}},"locations":[{"start":{"line":46,"column":4},"end":{"line":54,"column":37}}]},"5":{"type":"branch","line":54,"loc":{"start":{"line":54,"column":20},"end":{"line":55,"column":53}},"locations":[{"start":{"line":54,"column":20},"end":{"line":55,"column":53}}]},"6":{"type":"branch","line":55,"loc":{"start":{"line":55,"column":50},"end":{"line":56,"column":25}},"locations":[{"start":{"line":55,"column":50},"end":{"line":56,"column":25}}]},"7":{"type":"branch","line":68,"loc":{"start":{"line":68,"column":20},"end":{"line":78,"column":1}},"locations":[{"start":{"line":68,"column":20},"end":{"line":78,"column":1}}]},"8":{"type":"branch","line":69,"loc":{"start":{"line":69,"column":32},"end":{"line":71,"column":5}},"locations":[{"start":{"line":69,"column":32},"end":{"line":71,"column":5}}]},"9":{"type":"branch","line":72,"loc":{"start":{"line":72,"column":40},"end":{"line":76,"column":5}},"locations":[{"start":{"line":72,"column":40},"end":{"line":76,"column":5}}]},"10":{"type":"branch","line":73,"loc":{"start":{"line":73,"column":34},"end":{"line":75,"column":9}},"locations":[{"start":{"line":73,"column":34},"end":{"line":75,"column":9}}]},"11":{"type":"branch","line":76,"loc":{"start":{"line":76,"column":4},"end":{"line":78,"column":1}},"locations":[{"start":{"line":76,"column":4},"end":{"line":78,"column":1}}]},"12":{"type":"branch","line":86,"loc":{"start":{"line":86,"column":18},"end":{"line":95,"column":1}},"locations":[{"start":{"line":86,"column":18},"end":{"line":95,"column":1}}]},"13":{"type":"branch","line":92,"loc":{"start":{"line":92,"column":21},"end":{"line":94,"column":5}},"locations":[{"start":{"line":92,"column":21},"end":{"line":94,"column":5}}]},"14":{"type":"branch","line":104,"loc":{"start":{"line":104,"column":18},"end":{"line":116,"column":1}},"locations":[{"start":{"line":104,"column":18},"end":{"line":116,"column":1}}]},"15":{"type":"branch","line":106,"loc":{"start":{"line":106,"column":29},"end":{"line":106,"column":92}},"locations":[{"start":{"line":106,"column":29},"end":{"line":106,"column":92}}]},"16":{"type":"branch","line":107,"loc":{"start":{"line":107,"column":29},"end":{"line":107,"column":102}},"locations":[{"start":{"line":107,"column":29},"end":{"line":107,"column":102}}]},"17":{"type":"branch","line":108,"loc":{"start":{"line":108,"column":6},"end":{"line":110,"column":5}},"locations":[{"start":{"line":108,"column":6},"end":{"line":110,"column":5}}]},"18":{"type":"branch","line":111,"loc":{"start":{"line":111,"column":39},"end":{"line":112,"column":47}},"locations":[{"start":{"line":111,"column":39},"end":{"line":112,"column":47}}]},"19":{"type":"branch","line":112,"loc":{"start":{"line":112,"column":43},"end":{"line":113,"column":38}},"locations":[{"start":{"line":112,"column":43},"end":{"line":113,"column":38}}]},"20":{"type":"branch","line":113,"loc":{"start":{"line":113,"column":38},"end":{"line":115,"column":5}},"locations":[{"start":{"line":113,"column":38},"end":{"line":115,"column":5}}]},"21":{"type":"branch","line":128,"loc":{"start":{"line":128,"column":26},"end":{"line":143,"column":1}},"locations":[{"start":{"line":128,"column":26},"end":{"line":143,"column":1}}]},"22":{"type":"branch","line":129,"loc":{"start":{"line":129,"column":35},"end":{"line":131,"column":5}},"locations":[{"start":{"line":129,"column":35},"end":{"line":131,"column":5}}]},"23":{"type":"branch","line":138,"loc":{"start":{"line":138,"column":4},"end":{"line":141,"column":5}},"locations":[{"start":{"line":138,"column":4},"end":{"line":141,"column":5}}]},"24":{"type":"branch","line":150,"loc":{"start":{"line":150,"column":27},"end":{"line":157,"column":1}},"locations":[{"start":{"line":150,"column":27},"end":{"line":157,"column":1}}]},"25":{"type":"branch","line":156,"loc":{"start":{"line":156,"column":77},"end":{"line":156,"column":101}},"locations":[{"start":{"line":156,"column":77},"end":{"line":156,"column":101}}]},"26":{"type":"branch","line":164,"loc":{"start":{"line":164,"column":25},"end":{"line":170,"column":1}},"locations":[{"start":{"line":164,"column":25},"end":{"line":170,"column":1}}]},"27":{"type":"branch","line":180,"loc":{"start":{"line":180,"column":19},"end":{"line":185,"column":1}},"locations":[{"start":{"line":180,"column":19},"end":{"line":185,"column":1}}]},"28":{"type":"branch","line":181,"loc":{"start":{"line":181,"column":35},"end":{"line":183,"column":5}},"locations":[{"start":{"line":181,"column":35},"end":{"line":183,"column":5}}]},"29":{"type":"branch","line":184,"loc":{"start":{"line":184,"column":44},"end":{"line":184,"column":88}},"locations":[{"start":{"line":184,"column":44},"end":{"line":184,"column":88}}]},"30":{"type":"branch","line":195,"loc":{"start":{"line":195,"column":18},"end":{"line":206,"column":1}},"locations":[{"start":{"line":195,"column":18},"end":{"line":206,"column":1}}]},"31":{"type":"branch","line":196,"loc":{"start":{"line":196,"column":37},"end":{"line":204,"column":5}},"locations":[{"start":{"line":196,"column":37},"end":{"line":204,"column":5}}]},"32":{"type":"branch","line":216,"loc":{"start":{"line":216,"column":19},"end":{"line":236,"column":1}},"locations":[{"start":{"line":216,"column":19},"end":{"line":236,"column":1}}]},"33":{"type":"branch","line":217,"loc":{"start":{"line":217,"column":23},"end":{"line":219,"column":5}},"locations":[{"start":{"line":217,"column":23},"end":{"line":219,"column":5}}]},"34":{"type":"branch","line":219,"loc":{"start":{"line":219,"column":4},"end":{"line":220,"column":38}},"locations":[{"start":{"line":219,"column":4},"end":{"line":220,"column":38}}]},"35":{"type":"branch","line":220,"loc":{"start":{"line":220,"column":38},"end":{"line":226,"column":5}},"locations":[{"start":{"line":220,"column":38},"end":{"line":226,"column":5}}]},"36":{"type":"branch","line":222,"loc":{"start":{"line":222,"column":56},"end":{"line":224,"column":9}},"locations":[{"start":{"line":222,"column":56},"end":{"line":224,"column":9}}]},"37":{"type":"branch","line":226,"loc":{"start":{"line":226,"column":4},"end":{"line":230,"column":5}},"locations":[{"start":{"line":226,"column":4},"end":{"line":230,"column":5}}]},"38":{"type":"branch","line":230,"loc":{"start":{"line":230,"column":4},"end":{"line":232,"column":48}},"locations":[{"start":{"line":230,"column":4},"end":{"line":232,"column":48}}]},"39":{"type":"branch","line":232,"loc":{"start":{"line":232,"column":41},"end":{"line":232,"column":66}},"locations":[{"start":{"line":232,"column":41},"end":{"line":232,"column":66}}]},"40":{"type":"branch","line":232,"loc":{"start":{"line":232,"column":59},"end":{"line":232,"column":87}},"locations":[{"start":{"line":232,"column":59},"end":{"line":232,"column":87}}]},"41":{"type":"branch","line":232,"loc":{"start":{"line":232,"column":87},"end":{"line":236,"column":1}},"locations":[{"start":{"line":232,"column":87},"end":{"line":236,"column":1}}]},"42":{"type":"branch","line":218,"loc":{"start":{"line":218,"column":53},"end":{"line":218,"column":70}},"locations":[{"start":{"line":218,"column":53},"end":{"line":218,"column":70}}]},"43":{"type":"branch","line":257,"loc":{"start":{"line":257,"column":4},"end":{"line":264,"column":5}},"locations":[{"start":{"line":257,"column":4},"end":{"line":264,"column":5}}]},"44":{"type":"branch","line":270,"loc":{"start":{"line":270,"column":4},"end":{"line":272,"column":5}},"locations":[{"start":{"line":270,"column":4},"end":{"line":272,"column":5}}]},"45":{"type":"branch","line":278,"loc":{"start":{"line":278,"column":4},"end":{"line":290,"column":5}},"locations":[{"start":{"line":278,"column":4},"end":{"line":290,"column":5}}]},"46":{"type":"branch","line":279,"loc":{"start":{"line":279,"column":41},"end":{"line":282,"column":13}},"locations":[{"start":{"line":279,"column":41},"end":{"line":282,"column":13}}]},"47":{"type":"branch","line":300,"loc":{"start":{"line":300,"column":28},"end":{"line":324,"column":1}},"locations":[{"start":{"line":300,"column":28},"end":{"line":324,"column":1}}]},"48":{"type":"branch","line":301,"loc":{"start":{"line":301,"column":44},"end":{"line":303,"column":5}},"locations":[{"start":{"line":301,"column":44},"end":{"line":303,"column":5}}]},"49":{"type":"branch","line":303,"loc":{"start":{"line":303,"column":4},"end":{"line":305,"column":28}},"locations":[{"start":{"line":303,"column":4},"end":{"line":305,"column":28}}]},"50":{"type":"branch","line":305,"loc":{"start":{"line":305,"column":28},"end":{"line":307,"column":5}},"locations":[{"start":{"line":305,"column":28},"end":{"line":307,"column":5}}]},"51":{"type":"branch","line":307,"loc":{"start":{"line":307,"column":4},"end":{"line":313,"column":25}},"locations":[{"start":{"line":307,"column":4},"end":{"line":313,"column":25}}]},"52":{"type":"branch","line":313,"loc":{"start":{"line":313,"column":25},"end":{"line":318,"column":5}},"locations":[{"start":{"line":313,"column":25},"end":{"line":318,"column":5}}]},"53":{"type":"branch","line":318,"loc":{"start":{"line":318,"column":4},"end":{"line":320,"column":54}},"locations":[{"start":{"line":318,"column":4},"end":{"line":320,"column":54}}]},"54":{"type":"branch","line":320,"loc":{"start":{"line":320,"column":49},"end":{"line":320,"column":74}},"locations":[{"start":{"line":320,"column":49},"end":{"line":320,"column":74}}]},"55":{"type":"branch","line":320,"loc":{"start":{"line":320,"column":69},"end":{"line":320,"column":96}},"locations":[{"start":{"line":320,"column":69},"end":{"line":320,"column":96}}]},"56":{"type":"branch","line":320,"loc":{"start":{"line":320,"column":91},"end":{"line":320,"column":114}},"locations":[{"start":{"line":320,"column":91},"end":{"line":320,"column":114}}]},"57":{"type":"branch","line":320,"loc":{"start":{"line":320,"column":114},"end":{"line":322,"column":5}},"locations":[{"start":{"line":320,"column":114},"end":{"line":322,"column":5}}]},"58":{"type":"branch","line":322,"loc":{"start":{"line":322,"column":4},"end":{"line":324,"column":1}},"locations":[{"start":{"line":322,"column":4},"end":{"line":324,"column":1}}]}},"b":{"0":[2],"1":[0],"2":[5],"3":[1],"4":[4],"5":[1],"6":[3],"7":[32],"8":[0],"9":[56],"10":[4],"11":[28],"12":[16],"13":[14],"14":[16],"15":[0],"16":[0],"17":[0],"18":[106],"19":[45],"20":[2052],"21":[16],"22":[0],"23":[0],"24":[8],"25":[1],"26":[8],"27":[40],"28":[0],"29":[41],"30":[41],"31":[0],"32":[41],"33":[15],"34":[26],"35":[25],"36":[0],"37":[1],"38":[0],"39":[0],"40":[0],"41":[0],"42":[312],"43":[7],"44":[1],"45":[9],"46":[0],"47":[11],"48":[1],"49":[10],"50":[2],"51":[8],"52":[5],"53":[7],"54":[7],"55":[7],"56":[7],"57":[0],"58":[7]},"fnMap":{"0":{"name":"getTimezoneOffset","decl":{"start":{"line":20,"column":26},"end":{"line":26,"column":1}},"loc":{"start":{"line":20,"column":26},"end":{"line":26,"column":1}},"line":20},"1":{"name":"formatDate","decl":{"start":{"line":38,"column":19},"end":{"line":57,"column":1}},"loc":{"start":{"line":38,"column":19},"end":{"line":57,"column":1}},"line":38},"2":{"name":"toNextValue","decl":{"start":{"line":68,"column":20},"end":{"line":78,"column":1}},"loc":{"start":{"line":68,"column":20},"end":{"line":78,"column":1}},"line":68},"3":{"name":"shiftTime","decl":{"start":{"line":86,"column":18},"end":{"line":95,"column":1}},"loc":{"start":{"line":86,"column":18},"end":{"line":95,"column":1}},"line":86},"4":{"name":"shiftDate","decl":{"start":{"line":104,"column":18},"end":{"line":116,"column":1}},"loc":{"start":{"line":104,"column":18},"end":{"line":116,"column":1}},"line":104},"5":{"name":"calculateNextDate","decl":{"start":{"line":128,"column":26},"end":{"line":143,"column":1}},"loc":{"start":{"line":128,"column":26},"end":{"line":143,"column":1}},"line":128},"6":{"name":"replaceMonthString","decl":{"start":{"line":150,"column":27},"end":{"line":157,"column":1}},"loc":{"start":{"line":150,"column":27},"end":{"line":157,"column":1}},"line":150},"7":{"name":"replaceDOWString","decl":{"start":{"line":164,"column":25},"end":{"line":170,"column":1}},"loc":{"start":{"line":164,"column":25},"end":{"line":170,"column":1}},"line":164},"8":{"name":"parseField","decl":{"start":{"line":180,"column":19},"end":{"line":185,"column":1}},"loc":{"start":{"line":180,"column":19},"end":{"line":185,"column":1}},"line":180},"9":{"name":"parsePart","decl":{"start":{"line":195,"column":18},"end":{"line":206,"column":1}},"loc":{"start":{"line":195,"column":18},"end":{"line":206,"column":1}},"line":195},"10":{"name":"parseRange","decl":{"start":{"line":216,"column":19},"end":{"line":236,"column":1}},"loc":{"start":{"line":216,"column":19},"end":{"line":236,"column":1}},"line":216},"11":{"name":"CronPreview","decl":{"start":{"line":257,"column":4},"end":{"line":264,"column":5}},"loc":{"start":{"line":257,"column":4},"end":{"line":264,"column":5}},"line":257},"12":{"name":"next","decl":{"start":{"line":278,"column":4},"end":{"line":290,"column":5}},"loc":{"start":{"line":278,"column":4},"end":{"line":290,"column":5}},"line":278},"13":{"name":"parseCronExpression","decl":{"start":{"line":300,"column":28},"end":{"line":324,"column":1}},"loc":{"start":{"line":300,"column":28},"end":{"line":324,"column":1}},"line":300}},"f":{"0":2,"1":5,"2":32,"3":16,"4":16,"5":16,"6":8,"7":8,"8":40,"9":41,"10":41,"11":7,"12":9,"13":11}}
,"D:\\GitHub\\cronparser\\cron-parser-ts\\src\\lib\\custom.ts": {"path":"D:\\GitHub\\cronparser\\cron-parser-ts\\src\\lib\\custom.ts","all":true,"statementMap":{"0":{"start":{"line":1,"column":0},"end":{"line":1,"column":72}},"2":{"start":{"line":3,"column":0},"end":{"line":3,"column":92}},"3":{"start":{"line":4,"column":0},"end":{"line":4,"column":9}},"4":{"start":{"line":5,"column":0},"end":{"line":5,"column":47}},"5":{"start":{"line":6,"column":0},"end":{"line":6,"column":21}},"6":{"start":{"line":7,"column":0},"end":{"line":7,"column":63}},"7":{"start":{"line":8,"column":0},"end":{"line":8,"column":56}},"8":{"start":{"line":9,"column":0},"end":{"line":9,"column":5}},"9":{"start":{"line":10,"column":0},"end":{"line":10,"column":1}}},"s":{"0":0,"2":0,"3":0,"4":0,"5":0,"6":0,"7":0,"8":0,"9":0},"branchMap":{"0":{"type":"branch","line":1,"loc":{"start":{"line":1,"column":384},"end":{"line":10,"column":1}},"locations":[{"start":{"line":1,"column":384},"end":{"line":10,"column":1}}]}},"b":{"0":[0]},"fnMap":{"0":{"name":"(empty-report)","decl":{"start":{"line":1,"column":384},"end":{"line":10,"column":1}},"loc":{"start":{"line":1,"column":384},"end":{"line":10,"column":1}},"line":1}},"f":{"0":0}}
}
